app/build/intermediates/manifest_merge_blame_file/debug/manifest-merger-blame-debug-report.txt
1<?xml version="1.0" encoding="utf-8"?>
2<manifest xmlns:android="http://schemas.android.com/apk/res/android"
3    package="kkn.vishu.mathana"
4    android:versionCode="9"
5    android:versionName="1.0.9" >
6
7    <uses-sdk
8        android:minSdkVersion="23"
8-->src/main/AndroidManifest.xml
9        android:targetSdkVersion="30" />
9-->src/main/AndroidManifest.xml
10
11    <!-- Although the *SdkVersion is captured in gradle build files, this is required for non gradle builds -->
12    <!-- <uses-sdk android:minSdkVersion="14"/> -->
13    <uses-permission android:name="android.permission.ACCESS_NETWORK_STATE" />
13-->[com.google.firebase:firebase-storage:19.2.0] AndroidManifest.xml:26:5-79
13-->[com.google.firebase:firebase-storage:19.2.0] AndroidManifest.xml:26:22-76
14    <uses-permission android:name="android.permission.INTERNET" />
14-->[com.google.firebase:firebase-storage:19.2.0] AndroidManifest.xml:27:5-67
14-->[com.google.firebase:firebase-storage:19.2.0] AndroidManifest.xml:27:22-64
15    <uses-permission android:name="android.permission.WAKE_LOCK" />
15-->[com.google.android.gms:play-services-measurement-api:18.0.0] AndroidManifest.xml:24:5-68
15-->[com.google.android.gms:play-services-measurement-api:18.0.0] AndroidManifest.xml:24:22-65
16    <uses-permission android:name="com.google.android.finsky.permission.BIND_GET_INSTALL_REFERRER_SERVICE" />
16-->[com.google.android.gms:play-services-measurement:18.0.0] AndroidManifest.xml:26:5-110
16-->[com.google.android.gms:play-services-measurement:18.0.0] AndroidManifest.xml:26:22-107
17
18    <application
18-->src/main/AndroidManifest.xml:5:5-28:19
19        android:allowBackup="true"
19-->src/main/AndroidManifest.xml:6:9-35
20        android:appComponentFactory="androidx.core.app.CoreComponentFactory"
20-->[androidx.core:core:1.3.2] AndroidManifest.xml:24:18-86
21        android:debuggable="true"
22        android:extractNativeLibs="false"
23        android:icon="@mipmap/app_icon"
23-->src/main/AndroidManifest.xml:7:9-40
24        android:label="@string/app_name"
24-->src/main/AndroidManifest.xml:8:9-41
25        android:roundIcon="@mipmap/app_icon"
25-->src/main/AndroidManifest.xml:9:9-45
26        android:supportsRtl="true"
26-->src/main/AndroidManifest.xml:10:9-35
27        android:testOnly="true"
28        android:theme="@style/Theme.MyApplication" >
28-->src/main/AndroidManifest.xml:11:9-51
29        <activity
29-->src/main/AndroidManifest.xml:13:9-23:20
30            android:name="kkn.vishu.mathana.SplashActivity"
30-->src/main/AndroidManifest.xml:14:13-43
31            android:theme="@style/splashTheme" >
31-->src/main/AndroidManifest.xml:15:13-47
32            <intent-filter>
32-->src/main/AndroidManifest.xml:17:13-21:29
33                <action android:name="android.intent.action.MAIN" />
33-->src/main/AndroidManifest.xml:18:17-69
33-->src/main/AndroidManifest.xml:18:25-66
34
35                <category android:name="android.intent.category.LAUNCHER" />
35-->src/main/AndroidManifest.xml:20:17-77
35-->src/main/AndroidManifest.xml:20:27-74
36            </intent-filter>
37        </activity>
38        <activity
38-->src/main/AndroidManifest.xml:25:9-27:58
39            android:name="kkn.vishu.mathana.ui.HomeScreen"
39-->src/main/AndroidManifest.xml:26:13-42
40            android:theme="@style/Theme.MyApplication" />
40-->src/main/AndroidManifest.xml:27:13-55
41
42        <service
42-->[com.google.firebase:firebase-storage-ktx:19.2.0] AndroidManifest.xml:12:9-18:19
43            android:name="com.google.firebase.components.ComponentDiscoveryService"
43-->[com.google.firebase:firebase-storage-ktx:19.2.0] AndroidManifest.xml:13:13-84
44            android:directBootAware="true"
44-->[com.google.firebase:firebase-common:19.3.1] AndroidManifest.xml:35:13-43
45            android:exported="false" >
45-->[com.google.firebase:firebase-storage-ktx:19.2.0] AndroidManifest.xml:14:13-37
46            <meta-data
46-->[com.google.firebase:firebase-storage-ktx:19.2.0] AndroidManifest.xml:15:13-17:85
47                android:name="com.google.firebase.components:com.google.firebase.storage.ktx.FirebaseStorageKtxRegistrar"
47-->[com.google.firebase:firebase-storage-ktx:19.2.0] AndroidManifest.xml:16:17-122
48                android:value="com.google.firebase.components.ComponentRegistrar" />
48-->[com.google.firebase:firebase-storage-ktx:19.2.0] AndroidManifest.xml:17:17-82
49            <meta-data
49-->[com.google.firebase:firebase-database-ktx:19.5.1] AndroidManifest.xml:15:13-17:85
50                android:name="com.google.firebase.components:com.google.firebase.database.ktx.FirebaseDatabaseKtxRegistrar"
50-->[com.google.firebase:firebase-database-ktx:19.5.1] AndroidManifest.xml:16:17-124
51                android:value="com.google.firebase.components.ComponentRegistrar" />
51-->[com.google.firebase:firebase-database-ktx:19.5.1] AndroidManifest.xml:17:17-82
52            <meta-data
52-->[com.google.firebase:firebase-analytics-ktx:18.0.0] AndroidManifest.xml:11:13-13:85
53                android:name="com.google.firebase.components:com.google.firebase.analytics.ktx.FirebaseAnalyticsKtxRegistrar"
53-->[com.google.firebase:firebase-analytics-ktx:18.0.0] AndroidManifest.xml:12:17-126
54                android:value="com.google.firebase.components.ComponentRegistrar" />
54-->[com.google.firebase:firebase-analytics-ktx:18.0.0] AndroidManifest.xml:13:17-82
55            <meta-data
55-->[com.google.firebase:firebase-common-ktx:19.3.1] AndroidManifest.xml:15:13-17:85
56                android:name="com.google.firebase.components:com.google.firebase.ktx.FirebaseCommonKtxRegistrar"
56-->[com.google.firebase:firebase-common-ktx:19.3.1] AndroidManifest.xml:16:17-113
57                android:value="com.google.firebase.components.ComponentRegistrar" />
57-->[com.google.firebase:firebase-common-ktx:19.3.1] AndroidManifest.xml:17:17-82
58            <meta-data
58-->[com.google.firebase:firebase-storage:19.2.0] AndroidManifest.xml:33:13-35:85
59                android:name="com.google.firebase.components:com.google.firebase.storage.StorageRegistrar"
59-->[com.google.firebase:firebase-storage:19.2.0] AndroidManifest.xml:34:17-107
60                android:value="com.google.firebase.components.ComponentRegistrar" />
60-->[com.google.firebase:firebase-storage:19.2.0] AndroidManifest.xml:35:17-82
61            <meta-data
61-->[com.google.firebase:firebase-database:19.5.1] AndroidManifest.xml:32:13-34:85
62                android:name="com.google.firebase.components:com.google.firebase.database.DatabaseRegistrar"
62-->[com.google.firebase:firebase-database:19.5.1] AndroidManifest.xml:33:17-109
63                android:value="com.google.firebase.components.ComponentRegistrar" />
63-->[com.google.firebase:firebase-database:19.5.1] AndroidManifest.xml:34:17-82
64            <meta-data
64-->[com.google.android.gms:play-services-measurement-api:18.0.0] AndroidManifest.xml:30:13-32:85
65                android:name="com.google.firebase.components:com.google.firebase.analytics.connector.internal.AnalyticsConnectorRegistrar"
65-->[com.google.android.gms:play-services-measurement-api:18.0.0] AndroidManifest.xml:31:17-139
66                android:value="com.google.firebase.components.ComponentRegistrar" />
66-->[com.google.android.gms:play-services-measurement-api:18.0.0] AndroidManifest.xml:32:17-82
67            <meta-data
67-->[com.google.firebase:firebase-installations:16.3.3] AndroidManifest.xml:17:13-19:85
68                android:name="com.google.firebase.components:com.google.firebase.installations.FirebaseInstallationsRegistrar"
68-->[com.google.firebase:firebase-installations:16.3.3] AndroidManifest.xml:18:17-127
69                android:value="com.google.firebase.components.ComponentRegistrar" />
69-->[com.google.firebase:firebase-installations:16.3.3] AndroidManifest.xml:19:17-82
70        </service>
71
72        <provider
72-->[com.google.firebase:firebase-common:19.3.1] AndroidManifest.xml:26:9-31:39
73            android:name="com.google.firebase.provider.FirebaseInitProvider"
73-->[com.google.firebase:firebase-common:19.3.1] AndroidManifest.xml:27:13-77
74            android:authorities="kkn.vishu.mathana.firebaseinitprovider"
74-->[com.google.firebase:firebase-common:19.3.1] AndroidManifest.xml:28:13-72
75            android:directBootAware="true"
75-->[com.google.firebase:firebase-common:19.3.1] AndroidManifest.xml:29:13-43
76            android:exported="false"
76-->[com.google.firebase:firebase-common:19.3.1] AndroidManifest.xml:30:13-37
77            android:initOrder="100" />
77-->[com.google.firebase:firebase-common:19.3.1] AndroidManifest.xml:31:13-36
78
79        <activity
79-->[com.google.android.gms:play-services-base:17.0.0] AndroidManifest.xml:23:9-26:75
80            android:name="com.google.android.gms.common.api.GoogleApiActivity"
80-->[com.google.android.gms:play-services-base:17.0.0] AndroidManifest.xml:24:13-79
81            android:exported="false"
81-->[com.google.android.gms:play-services-base:17.0.0] AndroidManifest.xml:25:13-37
82            android:theme="@android:style/Theme.Translucent.NoTitleBar" />
82-->[com.google.android.gms:play-services-base:17.0.0] AndroidManifest.xml:26:13-72
83
84        <receiver
84-->[com.google.android.gms:play-services-measurement:18.0.0] AndroidManifest.xml:29:9-33:20
85            android:name="com.google.android.gms.measurement.AppMeasurementReceiver"
85-->[com.google.android.gms:play-services-measurement:18.0.0] AndroidManifest.xml:30:13-85
86            android:enabled="true"
86-->[com.google.android.gms:play-services-measurement:18.0.0] AndroidManifest.xml:31:13-35
87            android:exported="false" >
87-->[com.google.android.gms:play-services-measurement:18.0.0] AndroidManifest.xml:32:13-37
88        </receiver>
89
90        <service
90-->[com.google.android.gms:play-services-measurement:18.0.0] AndroidManifest.xml:35:9-38:40
91            android:name="com.google.android.gms.measurement.AppMeasurementService"
91-->[com.google.android.gms:play-services-measurement:18.0.0] AndroidManifest.xml:36:13-84
92            android:enabled="true"
92-->[com.google.android.gms:play-services-measurement:18.0.0] AndroidManifest.xml:37:13-35
93            android:exported="false" />
93-->[com.google.android.gms:play-services-measurement:18.0.0] AndroidManifest.xml:38:13-37
94        <service
94-->[com.google.android.gms:play-services-measurement:18.0.0] AndroidManifest.xml:39:9-43:72
95            android:name="com.google.android.gms.measurement.AppMeasurementJobService"
95-->[com.google.android.gms:play-services-measurement:18.0.0] AndroidManifest.xml:40:13-87
96            android:enabled="true"
96-->[com.google.android.gms:play-services-measurement:18.0.0] AndroidManifest.xml:41:13-35
97            android:exported="false"
97-->[com.google.android.gms:play-services-measurement:18.0.0] AndroidManifest.xml:42:13-37
98            android:permission="android.permission.BIND_JOB_SERVICE" />
98-->[com.google.android.gms:play-services-measurement:18.0.0] AndroidManifest.xml:43:13-69
99
100        <meta-data
100-->[com.google.android.gms:play-services-basement:17.0.0] AndroidManifest.xml:23:9-25:69
101            android:name="com.google.android.gms.version"
101-->[com.google.android.gms:play-services-basement:17.0.0] AndroidManifest.xml:24:13-58
102            android:value="@integer/google_play_services_version" />
102-->[com.google.android.gms:play-services-basement:17.0.0] AndroidManifest.xml:25:13-66
103
104        <provider
104-->[androidx.lifecycle:lifecycle-process:2.2.0] AndroidManifest.xml:25:9-29:43
105            android:name="androidx.lifecycle.ProcessLifecycleOwnerInitializer"
105-->[androidx.lifecycle:lifecycle-process:2.2.0] AndroidManifest.xml:26:13-79
106            android:authorities="kkn.vishu.mathana.lifecycle-process"
106-->[androidx.lifecycle:lifecycle-process:2.2.0] AndroidManifest.xml:27:13-69
107            android:exported="false"
107-->[androidx.lifecycle:lifecycle-process:2.2.0] AndroidManifest.xml:28:13-37
108            android:multiprocess="true" />
108-->[androidx.lifecycle:lifecycle-process:2.2.0] AndroidManifest.xml:29:13-40
109    </application>
110
111</manifest>